New log file opened at Thu Oct 08 00:40:51 AMT 2015 by 6181@raphael-notebook
jvm 6181@raphael-notebook
jvm vmName=Java HotSpot(TM) 64-Bit Server VM vmVendor=Oracle Corporation vmVersion=25.60-b23
jvm specName=Java Virtual Machine Specification specVendor=Oracle Corporation specVersion=1.8
jvm arguments: [-Xms256m, -Xmx1024m, -XX:MetaspaceSize=64m, -XX:MaxMetaspaceSize=256m]
Starting event engine
Starting sbt command engine
Waiting for sbt command engine
Command engine arguments=List()
Command engine baseDirectory=/home/raphael/Documentos/Estudos/Scala/expert-language
Command engine initial remaining commands List(--initialize, onFailure load-failed, boot, server-send-ready-for-request, server-handle-next-server-request)
> --initialize
> initialize
> onFailure load-failed
> boot
> reload
[Loading] Scanning directory /home/raphael/Documentos/Estudos/Scala/expert-language/project
[Loading] Found non-root projects 
[Loading] Done in /home/raphael/Documentos/Estudos/Scala/expert-language/project, returning: ()
deducing auto plugins based on known facts Set(Atom(sbt.plugins.CorePlugin)) and clauses Clauses(List(Clause(Atom(sbt.plugins.JvmPlugin),Set(Atom(sbt.plugins.IvyPlugin))), Clause(Atom(sbt.plugins.JUnitXmlReportPlugin),Set(Atom(sbt.plugins.JvmPlugin))), Clause(Atom(sbt.plugins.CorePlugin),Set(Atom(sbt.plugins.IvyPlugin))), Clause(Atom(sbt.plugins.IvyPlugin),Set(Atom(sbt.plugins.JvmPlugin))), Clause(Atom(sbt.plugins.JvmPlugin),Set(Atom(sbt.plugins.JUnitXmlReportPlugin)))))
  :: deduced result: Matched(sbt.plugins.CorePlugin,sbt.plugins.IvyPlugin,sbt.plugins.JvmPlugin,sbt.plugins.JUnitXmlReportPlugin)
sorting: ns: List(sbt.plugins.CorePlugin, sbt.plugins.IvyPlugin, sbt.plugins.JvmPlugin, sbt.plugins.JUnitXmlReportPlugin)
  :: sorting:: found: List(sbt.plugins.CorePlugin) not found List(sbt.plugins.IvyPlugin, sbt.plugins.JvmPlugin, sbt.plugins.JUnitXmlReportPlugin)
  :: sorting:: found: List(sbt.plugins.CorePlugin, sbt.plugins.IvyPlugin) not found List(sbt.plugins.JvmPlugin, sbt.plugins.JUnitXmlReportPlugin)
  :: sorting:: found: List(sbt.plugins.CorePlugin, sbt.plugins.IvyPlugin, sbt.plugins.JvmPlugin) not found List(sbt.plugins.JUnitXmlReportPlugin)
  :: sorting:: found: List(sbt.plugins.CorePlugin, sbt.plugins.IvyPlugin, sbt.plugins.JvmPlugin, sbt.plugins.JUnitXmlReportPlugin) not found List()
  :: sorted deduced result: List(sbt.plugins.CorePlugin, sbt.plugins.IvyPlugin, sbt.plugins.JvmPlugin, sbt.plugins.JUnitXmlReportPlugin)
[Loading] Done in /home/raphael/Documentos/Estudos/Scala/expert-language/project, returning: (expert-language-build)
Loading project definition from /home/raphael/Documentos/Estudos/Scala/expert-language/project
Running task... Cancel: sbt.TaskCancellationStrategy$Null$@590c0070, check cycles: false

Initial source changes: 
	removed:Set()
	added: Set()
	modified: Set()
Removed products: Set()
External API changes: API Changes: Set()
Modified binary dependencies: Set()
Initial directly invalidated sources: Set()

Sources indirectly invalidated by:
	product: Set()
	binary dep: Set()
	external source: Set()
All initially invalidated sources: Set()

Copy resource mappings: 
	
[Loading] Scanning directory /home/raphael/Documentos/Estudos/Scala/expert-language
[Loading] Found non-root projects 
[Loading] Done in /home/raphael/Documentos/Estudos/Scala/expert-language, returning: ()
deducing auto plugins based on known facts Set(Atom(sbt.plugins.CorePlugin)) and clauses Clauses(List(Clause(Atom(sbt.plugins.JvmPlugin),Set(Atom(sbt.plugins.IvyPlugin))), Clause(Atom(sbt.plugins.JUnitXmlReportPlugin),Set(Atom(sbt.plugins.JvmPlugin))), Clause(Atom(sbt.plugins.BackgroundRunPlugin),Set(Atom(sbt.plugins.JvmPlugin))), Clause(Atom(sbt.plugins.CorePlugin),Set(Atom(sbt.plugins.IvyPlugin))), Clause(Atom(sbt.plugins.IvyPlugin),Set(Atom(sbt.plugins.JvmPlugin))), Clause(Atom(sbt.plugins.JvmPlugin),Set(Atom(sbt.plugins.JUnitXmlReportPlugin))), Clause(Atom(sbt.plugins.JvmPlugin),Set(Atom(sbt.plugins.BackgroundRunPlugin))), Clause(Atom(sbt.plugins.CorePlugin),Set(Atom(sbt.plugins.InteractionServicePlugin))), Clause(Atom(sbt.plugins.CorePlugin),Set(Atom(sbt.plugins.SendEventServicePlugin))), Clause(Atom(sbt.plugins.CorePlugin),Set(Atom(sbt.plugins.SerializersPlugin)))))
  :: deduced result: Matched(sbt.plugins.CorePlugin,sbt.plugins.SerializersPlugin,sbt.plugins.SendEventServicePlugin,sbt.plugins.InteractionServicePlugin,sbt.plugins.IvyPlugin,sbt.plugins.JvmPlugin,sbt.plugins.BackgroundRunPlugin,sbt.plugins.JUnitXmlReportPlugin)
sorting: ns: List(sbt.plugins.CorePlugin, sbt.plugins.SerializersPlugin, sbt.plugins.SendEventServicePlugin, sbt.plugins.InteractionServicePlugin, sbt.plugins.IvyPlugin, sbt.plugins.JvmPlugin, sbt.plugins.BackgroundRunPlugin, sbt.plugins.JUnitXmlReportPlugin)
  :: sorting:: found: List(sbt.plugins.CorePlugin) not found List(sbt.plugins.SerializersPlugin, sbt.plugins.SendEventServicePlugin, sbt.plugins.InteractionServicePlugin, sbt.plugins.IvyPlugin, sbt.plugins.JvmPlugin, sbt.plugins.BackgroundRunPlugin, sbt.plugins.JUnitXmlReportPlugin)
  :: sorting:: found: List(sbt.plugins.CorePlugin, sbt.plugins.SerializersPlugin, sbt.plugins.SendEventServicePlugin, sbt.plugins.InteractionServicePlugin, sbt.plugins.IvyPlugin) not found List(sbt.plugins.JvmPlugin, sbt.plugins.BackgroundRunPlugin, sbt.plugins.JUnitXmlReportPlugin)
  :: sorting:: found: List(sbt.plugins.CorePlugin, sbt.plugins.SerializersPlugin, sbt.plugins.SendEventServicePlugin, sbt.plugins.InteractionServicePlugin, sbt.plugins.IvyPlugin, sbt.plugins.JvmPlugin) not found List(sbt.plugins.BackgroundRunPlugin, sbt.plugins.JUnitXmlReportPlugin)
  :: sorting:: found: List(sbt.plugins.CorePlugin, sbt.plugins.SerializersPlugin, sbt.plugins.SendEventServicePlugin, sbt.plugins.InteractionServicePlugin, sbt.plugins.IvyPlugin, sbt.plugins.JvmPlugin, sbt.plugins.BackgroundRunPlugin, sbt.plugins.JUnitXmlReportPlugin) not found List()
  :: sorted deduced result: List(sbt.plugins.CorePlugin, sbt.plugins.SerializersPlugin, sbt.plugins.SendEventServicePlugin, sbt.plugins.InteractionServicePlugin, sbt.plugins.IvyPlugin, sbt.plugins.JvmPlugin, sbt.plugins.BackgroundRunPlugin, sbt.plugins.JUnitXmlReportPlugin)
[Loading] Done in /home/raphael/Documentos/Estudos/Scala/expert-language, returning: (expert-language)
Set current project to minimal-scala (in build file:/home/raphael/Documentos/Estudos/Scala/expert-language/)
Reapplying settings...
Set current project to minimal-scala (in build file:/home/raphael/Documentos/Estudos/Scala/expert-language/)
> iflast shell
> server-send-ready-for-request
> server-handle-next-server-request
> {file:/home/raphael/Documentos/Estudos/Scala/expert-language/}expert-language/compile:discoveredMainClasses
Evaluating tasks: compile:discoveredMainClasses
Running task... Cancel: sbt.server.ServerTaskCancellation@63b7e469, check cycles: false
Read from stdout: Updating {file:/home/raphael/Documentos/Estudos/Scala/expert-language/}expert-language...
Updating {file:/home/raphael/Documentos/Estudos/Scala/expert-language/}expert-language...
Other repositories:
Default repositories:
Using inline dependencies specified in Scala.
:: resolving dependencies :: minimal-scala#minimal-scala_2.11;1.0
	confs: [compile, runtime, test, provided, optional, compile-internal, runtime-internal, test-internal, plugin, sources, docs, pom, scala-tool]
	validate = true
	refresh = false
resolving dependencies for configuration 'compile'
== resolving dependencies for minimal-scala#minimal-scala_2.11;1.0 [compile]
== resolving dependencies minimal-scala#minimal-scala_2.11;1.0->org.scala-lang#scala-library;2.11.7 [compile->default(compile)]
Read from stdout: Resolving org.scala-lang#scala-library;2.11.7 ...
Resolving org.scala-lang#scala-library;2.11.7 ...
sbt-chain: Checking cache for: sbt.ivyint.MergedDescriptors@14f7bfbc
sbt-chain: module revision found in cache: org.scala-lang#scala-library;2.11.7
	found org.scala-lang#scala-library;2.11.7 in sbt-chain
	[2.11.7] org.scala-lang#scala-library;2.11.7
== resolving dependencies minimal-scala#minimal-scala_2.11;1.0->org.scala-lang#scala-library;2.11.7 [compile->runtime]
== resolving dependencies minimal-scala#minimal-scala_2.11;1.0->org.scala-lang#scala-library;2.11.7 [compile->compile]
== resolving dependencies minimal-scala#minimal-scala_2.11;1.0->org.scala-lang#scala-library;2.11.7 [compile->master]
== resolving dependencies minimal-scala#minimal-scala_2.11;1.0->net.sf.brunneng.fusie#fusie;0.8.1 [compile->default(compile)]
Read from stdout: Resolving net.sf.brunneng.fusie#fusie;0.8.1 ...
Resolving net.sf.brunneng.fusie#fusie;0.8.1 ...
sbt-chain: Checking cache for: dependency: net.sf.brunneng.fusie#fusie;0.8.1 {compile=[default(compile)]}
sbt-chain: module revision found in cache: net.sf.brunneng.fusie#fusie;0.8.1
	found net.sf.brunneng.fusie#fusie;0.8.1 in sbt-chain
== resolving dependencies minimal-scala#minimal-scala_2.11;1.0->net.sf.brunneng.fusie#fusie;0.8.1 [compile->runtime]
== resolving dependencies minimal-scala#minimal-scala_2.11;1.0->net.sf.brunneng.fusie#fusie;0.8.1 [compile->compile]
== resolving dependencies net.sf.brunneng.fusie#fusie;0.8.1->org.scala-lang#scala-library;2.10.0 [compile->master(compile)]
== resolving dependencies net.sf.brunneng.fusie#fusie;0.8.1->org.scala-lang#scala-library;2.11.7 [compile->master(compile)]
== resolving dependencies net.sf.brunneng.fusie#fusie;0.8.1->org.scala-lang#scala-library;2.10.0 [compile->compile(*)]
== resolving dependencies net.sf.brunneng.fusie#fusie;0.8.1->org.scala-lang#scala-library;2.11.7 [compile->compile(*)]
== resolving dependencies net.sf.brunneng.fusie#fusie;0.8.1->org.apache.commons#commons-math;2.2 [compile->master(compile)]
Read from stdout: Resolving org.apache.commons#commons-math;2.2 ...
Resolving org.apache.commons#commons-math;2.2 ...
sbt-chain: Checking cache for: dependency: org.apache.commons#commons-math;2.2 {compile=[compile(*), master(compile)], runtime=[runtime(*)]}
sbt-chain: module revision found in cache: org.apache.commons#commons-math;2.2
	found org.apache.commons#commons-math;2.2 in sbt-chain
== resolving dependencies net.sf.brunneng.fusie#fusie;0.8.1->org.apache.commons#commons-math;2.2 [compile->compile(*)]
== resolving dependencies net.sf.brunneng.fusie#fusie;0.8.1->org.apache.commons#commons-math;2.2 [compile->runtime(*)]
== resolving dependencies net.sf.brunneng.fusie#fusie;0.8.1->org.apache.commons#commons-math;2.2 [compile->compile]
== resolving dependencies net.sf.brunneng.fusie#fusie;0.8.1->org.scala-lang#scala-library;2.10.0 [runtime->runtime(*)]
== resolving dependencies net.sf.brunneng.fusie#fusie;0.8.1->org.scala-lang#scala-library;2.11.7 [runtime->runtime(*)]
== resolving dependencies net.sf.brunneng.fusie#fusie;0.8.1->org.scala-lang#scala-library;2.11.7 [runtime->compile]
== resolving dependencies net.sf.brunneng.fusie#fusie;0.8.1->org.apache.commons#commons-math;2.2 [runtime->runtime(*)]
== resolving dependencies net.sf.brunneng.fusie#fusie;0.8.1->org.apache.commons#commons-math;2.2 [runtime->compile]
== resolving dependencies minimal-scala#minimal-scala_2.11;1.0->net.sf.brunneng.fusie#fusie;0.8.1 [compile->master]
== resolving dependencies minimal-scala#minimal-scala_2.11;1.0->org.scala-lang.modules#scala-parser-combinators_2.11;1.0.2 [compile->default(compile)]
Read from stdout: Resolving org.scala-lang.modules#scala-parser-combinators_2.11;1.0.2 ...
Resolving org.scala-lang.modules#scala-parser-combinators_2.11;1.0.2 ...
sbt-chain: Checking cache for: dependency: org.scala-lang.modules#scala-parser-combinators_2.11;1.0.2 {compile=[default(compile)]}
sbt-chain: module revision found in cache: org.scala-lang.modules#scala-parser-combinators_2.11;1.0.2
	found org.scala-lang.modules#scala-parser-combinators_2.11;1.0.2 in sbt-chain
== resolving dependencies minimal-scala#minimal-scala_2.11;1.0->org.scala-lang.modules#scala-parser-combinators_2.11;1.0.2 [compile->runtime]
== resolving dependencies minimal-scala#minimal-scala_2.11;1.0->org.scala-lang.modules#scala-parser-combinators_2.11;1.0.2 [compile->compile]
== resolving dependencies org.scala-lang.modules#scala-parser-combinators_2.11;1.0.2->org.scala-lang#scala-library;2.11.1 [compile->master(compile)]
== resolving dependencies org.scala-lang.modules#scala-parser-combinators_2.11;1.0.2->org.scala-lang#scala-library;2.11.7 [compile->master(compile)]
== resolving dependencies org.scala-lang.modules#scala-parser-combinators_2.11;1.0.2->org.scala-lang#scala-library;2.11.1 [compile->compile(*)]
== resolving dependencies org.scala-lang.modules#scala-parser-combinators_2.11;1.0.2->org.scala-lang#scala-library;2.11.7 [compile->compile(*)]
== resolving dependencies org.scala-lang.modules#scala-parser-combinators_2.11;1.0.2->org.scala-lang#scala-library;2.11.1 [runtime->runtime(*)]
== resolving dependencies org.scala-lang.modules#scala-parser-combinators_2.11;1.0.2->org.scala-lang#scala-library;2.11.7 [runtime->runtime(*)]
== resolving dependencies org.scala-lang.modules#scala-parser-combinators_2.11;1.0.2->org.scala-lang#scala-library;2.11.7 [runtime->compile]
== resolving dependencies minimal-scala#minimal-scala_2.11;1.0->org.scala-lang.modules#scala-parser-combinators_2.11;1.0.2 [compile->master]
resolving dependencies for configuration 'runtime'
== resolving dependencies for minimal-scala#minimal-scala_2.11;1.0 [runtime]
== resolving dependencies for minimal-scala#minimal-scala_2.11;1.0 [compile]
== resolving dependencies minimal-scala#minimal-scala_2.11;1.0->org.scala-lang#scala-library;2.11.7 [compile->default(compile)]
== resolving dependencies minimal-scala#minimal-scala_2.11;1.0->org.scala-lang#scala-library;2.11.7 [compile->runtime]
== resolving dependencies minimal-scala#minimal-scala_2.11;1.0->org.scala-lang#scala-library;2.11.7 [compile->compile]
== resolving dependencies minimal-scala#minimal-scala_2.11;1.0->org.scala-lang#scala-library;2.11.7 [compile->master]
== resolving dependencies minimal-scala#minimal-scala_2.11;1.0->net.sf.brunneng.fusie#fusie;0.8.1 [compile->default(compile)]
== resolving dependencies minimal-scala#minimal-scala_2.11;1.0->net.sf.brunneng.fusie#fusie;0.8.1 [compile->runtime]
== resolving dependencies minimal-scala#minimal-scala_2.11;1.0->net.sf.brunneng.fusie#fusie;0.8.1 [compile->compile]
== resolving dependencies net.sf.brunneng.fusie#fusie;0.8.1->org.scala-lang#scala-library;2.10.0 [compile->master(compile)]
== resolving dependencies net.sf.brunneng.fusie#fusie;0.8.1->org.scala-lang#scala-library;2.11.7 [compile->master(compile)]
== resolving dependencies net.sf.brunneng.fusie#fusie;0.8.1->org.scala-lang#scala-library;2.10.0 [compile->compile(*)]
== resolving dependencies net.sf.brunneng.fusie#fusie;0.8.1->org.scala-lang#scala-library;2.11.7 [compile->compile(*)]
== resolving dependencies net.sf.brunneng.fusie#fusie;0.8.1->org.apache.commons#commons-math;2.2 [compile->master(compile)]
== resolving dependencies net.sf.brunneng.fusie#fusie;0.8.1->org.apache.commons#commons-math;2.2 [compile->compile(*)]
== resolving dependencies net.sf.brunneng.fusie#fusie;0.8.1->org.scala-lang#scala-library;2.10.0 [runtime->runtime(*)]
== resolving dependencies net.sf.brunneng.fusie#fusie;0.8.1->org.scala-lang#scala-library;2.11.7 [runtime->runtime(*)]
== resolving dependencies net.sf.brunneng.fusie#fusie;0.8.1->org.scala-lang#scala-library;2.11.7 [runtime->compile]
== resolving dependencies net.sf.brunneng.fusie#fusie;0.8.1->org.apache.commons#commons-math;2.2 [runtime->runtime(*)]
== resolving dependencies net.sf.brunneng.fusie#fusie;0.8.1->org.apache.commons#commons-math;2.2 [runtime->compile]
== resolving dependencies minimal-scala#minimal-scala_2.11;1.0->net.sf.brunneng.fusie#fusie;0.8.1 [compile->master]
== resolving dependencies minimal-scala#minimal-scala_2.11;1.0->org.scala-lang.modules#scala-parser-combinators_2.11;1.0.2 [compile->default(compile)]
== resolving dependencies minimal-scala#minimal-scala_2.11;1.0->org.scala-lang.modules#scala-parser-combinators_2.11;1.0.2 [compile->runtime]
== resolving dependencies minimal-scala#minimal-scala_2.11;1.0->org.scala-lang.modules#scala-parser-combinators_2.11;1.0.2 [compile->compile]
== resolving dependencies org.scala-lang.modules#scala-parser-combinators_2.11;1.0.2->org.scala-lang#scala-library;2.11.1 [compile->master(compile)]
== resolving dependencies org.scala-lang.modules#scala-parser-combinators_2.11;1.0.2->org.scala-lang#scala-library;2.11.7 [compile->master(compile)]
== resolving dependencies org.scala-lang.modules#scala-parser-combinators_2.11;1.0.2->org.scala-lang#scala-library;2.11.1 [compile->compile(*)]
== resolving dependencies org.scala-lang.modules#scala-parser-combinators_2.11;1.0.2->org.scala-lang#scala-library;2.11.7 [compile->compile(*)]
== resolving dependencies org.scala-lang.modules#scala-parser-combinators_2.11;1.0.2->org.scala-lang#scala-library;2.11.1 [runtime->runtime(*)]
== resolving dependencies org.scala-lang.modules#scala-parser-combinators_2.11;1.0.2->org.scala-lang#scala-library;2.11.7 [runtime->runtime(*)]
== resolving dependencies org.scala-lang.modules#scala-parser-combinators_2.11;1.0.2->org.scala-lang#scala-library;2.11.7 [runtime->compile]
== resolving dependencies minimal-scala#minimal-scala_2.11;1.0->org.scala-lang.modules#scala-parser-combinators_2.11;1.0.2 [compile->master]
resolving dependencies for configuration 'test'
== resolving dependencies for minimal-scala#minimal-scala_2.11;1.0 [test]
== resolving dependencies for minimal-scala#minimal-scala_2.11;1.0 [runtime]
== resolving dependencies for minimal-scala#minimal-scala_2.11;1.0 [compile]
== resolving dependencies minimal-scala#minimal-scala_2.11;1.0->org.scala-lang#scala-library;2.11.7 [compile->default(compile)]
== resolving dependencies minimal-scala#minimal-scala_2.11;1.0->org.scala-lang#scala-library;2.11.7 [compile->runtime]
== resolving dependencies minimal-scala#minimal-scala_2.11;1.0->org.scala-lang#scala-library;2.11.7 [compile->compile]
== resolving dependencies minimal-scala#minimal-scala_2.11;1.0->org.scala-lang#scala-library;2.11.7 [compile->master]
== resolving dependencies minimal-scala#minimal-scala_2.11;1.0->net.sf.brunneng.fusie#fusie;0.8.1 [compile->default(compile)]
== resolving dependencies minimal-scala#minimal-scala_2.11;1.0->net.sf.brunneng.fusie#fusie;0.8.1 [compile->runtime]
== resolving dependencies minimal-scala#minimal-scala_2.11;1.0->net.sf.brunneng.fusie#fusie;0.8.1 [compile->compile]
== resolving dependencies net.sf.brunneng.fusie#fusie;0.8.1->org.scala-lang#scala-library;2.10.0 [compile->master(compile)]
== resolving dependencies net.sf.brunneng.fusie#fusie;0.8.1->org.scala-lang#scala-library;2.11.7 [compile->master(compile)]
== resolving dependencies net.sf.brunneng.fusie#fusie;0.8.1->org.scala-lang#scala-library;2.10.0 [compile->compile(*)]
== resolving dependencies net.sf.brunneng.fusie#fusie;0.8.1->org.scala-lang#scala-library;2.11.7 [compile->compile(*)]
== resolving dependencies net.sf.brunneng.fusie#fusie;0.8.1->org.apache.commons#commons-math;2.2 [compile->master(compile)]
== resolving dependencies net.sf.brunneng.fusie#fusie;0.8.1->org.apache.commons#commons-math;2.2 [compile->compile(*)]
== resolving dependencies net.sf.brunneng.fusie#fusie;0.8.1->org.scala-lang#scala-library;2.10.0 [runtime->runtime(*)]
== resolving dependencies net.sf.brunneng.fusie#fusie;0.8.1->org.scala-lang#scala-library;2.11.7 [runtime->runtime(*)]
== resolving dependencies net.sf.brunneng.fusie#fusie;0.8.1->org.scala-lang#scala-library;2.11.7 [runtime->compile]
== resolving dependencies net.sf.brunneng.fusie#fusie;0.8.1->org.apache.commons#commons-math;2.2 [runtime->runtime(*)]
== resolving dependencies net.sf.brunneng.fusie#fusie;0.8.1->org.apache.commons#commons-math;2.2 [runtime->compile]
== resolving dependencies minimal-scala#minimal-scala_2.11;1.0->net.sf.brunneng.fusie#fusie;0.8.1 [compile->master]
== resolving dependencies minimal-scala#minimal-scala_2.11;1.0->org.scala-lang.modules#scala-parser-combinators_2.11;1.0.2 [compile->default(compile)]
== resolving dependencies minimal-scala#minimal-scala_2.11;1.0->org.scala-lang.modules#scala-parser-combinators_2.11;1.0.2 [compile->runtime]
== resolving dependencies minimal-scala#minimal-scala_2.11;1.0->org.scala-lang.modules#scala-parser-combinators_2.11;1.0.2 [compile->compile]
== resolving dependencies org.scala-lang.modules#scala-parser-combinators_2.11;1.0.2->org.scala-lang#scala-library;2.11.1 [compile->master(compile)]
== resolving dependencies org.scala-lang.modules#scala-parser-combinators_2.11;1.0.2->org.scala-lang#scala-library;2.11.7 [compile->master(compile)]
== resolving dependencies org.scala-lang.modules#scala-parser-combinators_2.11;1.0.2->org.scala-lang#scala-library;2.11.1 [compile->compile(*)]
== resolving dependencies org.scala-lang.modules#scala-parser-combinators_2.11;1.0.2->org.scala-lang#scala-library;2.11.7 [compile->compile(*)]
== resolving dependencies org.scala-lang.modules#scala-parser-combinators_2.11;1.0.2->org.scala-lang#scala-library;2.11.1 [runtime->runtime(*)]
== resolving dependencies org.scala-lang.modules#scala-parser-combinators_2.11;1.0.2->org.scala-lang#scala-library;2.11.7 [runtime->runtime(*)]
== resolving dependencies org.scala-lang.modules#scala-parser-combinators_2.11;1.0.2->org.scala-lang#scala-library;2.11.7 [runtime->compile]
== resolving dependencies minimal-scala#minimal-scala_2.11;1.0->org.scala-lang.modules#scala-parser-combinators_2.11;1.0.2 [compile->master]
== resolving dependencies minimal-scala#minimal-scala_2.11;1.0->org.scalatest#scalatest_2.11;2.2.4 [test->default(compile)]
Read from stdout: Resolving org.scalatest#scalatest_2.11;2.2.4 ...
Resolving org.scalatest#scalatest_2.11;2.2.4 ...
sbt-chain: Checking cache for: dependency: org.scalatest#scalatest_2.11;2.2.4 {test=[default(compile)]}
sbt-chain: module revision found in cache: org.scalatest#scalatest_2.11;2.2.4
	found org.scalatest#scalatest_2.11;2.2.4 in sbt-chain
== resolving dependencies minimal-scala#minimal-scala_2.11;1.0->org.scalatest#scalatest_2.11;2.2.4 [test->runtime]
== resolving dependencies minimal-scala#minimal-scala_2.11;1.0->org.scalatest#scalatest_2.11;2.2.4 [test->compile]
== resolving dependencies org.scalatest#scalatest_2.11;2.2.4->org.scala-lang#scala-library;2.11.2 [compile->master(compile)]
== resolving dependencies org.scalatest#scalatest_2.11;2.2.4->org.scala-lang#scala-library;2.11.7 [compile->master(compile)]
== resolving dependencies org.scalatest#scalatest_2.11;2.2.4->org.scala-lang#scala-library;2.11.2 [compile->compile(*)]
== resolving dependencies org.scalatest#scalatest_2.11;2.2.4->org.scala-lang#scala-library;2.11.7 [compile->compile(*)]
== resolving dependencies org.scalatest#scalatest_2.11;2.2.4->org.scala-lang#scala-reflect;2.11.2 [compile->master(compile)]
Read from stdout: Resolving org.scala-lang#scala-reflect;2.11.2 ...
Resolving org.scala-lang#scala-reflect;2.11.2 ...
sbt-chain: Checking cache for: dependency: org.scala-lang#scala-reflect;2.11.2 {compile=[compile(*), master(compile)], runtime=[runtime(*)]}
sbt-chain: module revision found in cache: org.scala-lang#scala-reflect;2.11.2
	found org.scala-lang#scala-reflect;2.11.2 in sbt-chain
	[2.11.2] org.scala-lang#scala-reflect;2.11.2
== resolving dependencies org.scalatest#scalatest_2.11;2.2.4->org.scala-lang#scala-reflect;2.11.2 [compile->compile(*)]
== resolving dependencies org.scala-lang#scala-reflect;2.11.2->org.scala-lang#scala-library;2.11.2 [compile->master(compile)]
== resolving dependencies org.scala-lang#scala-reflect;2.11.2->org.scala-lang#scala-library;2.11.7 [compile->master(compile)]
== resolving dependencies org.scala-lang#scala-reflect;2.11.2->org.scala-lang#scala-library;2.11.2 [compile->compile(*)]
== resolving dependencies org.scala-lang#scala-reflect;2.11.2->org.scala-lang#scala-library;2.11.7 [compile->compile(*)]
== resolving dependencies org.scalatest#scalatest_2.11;2.2.4->org.scala-lang#scala-reflect;2.11.2 [compile->runtime(*)]
== resolving dependencies org.scalatest#scalatest_2.11;2.2.4->org.scala-lang#scala-reflect;2.11.2 [compile->compile]
== resolving dependencies org.scala-lang#scala-reflect;2.11.2->org.scala-lang#scala-library;2.11.2 [runtime->runtime(*)]
== resolving dependencies org.scala-lang#scala-reflect;2.11.2->org.scala-lang#scala-library;2.11.7 [runtime->runtime(*)]
== resolving dependencies org.scala-lang#scala-reflect;2.11.2->org.scala-lang#scala-library;2.11.7 [runtime->compile]
== resolving dependencies org.scalatest#scalatest_2.11;2.2.4->org.scala-lang.modules#scala-xml_2.11;1.0.2 [compile->master(compile)]
Read from stdout: Resolving org.scala-lang.modules#scala-xml_2.11;1.0.2 ...
Resolving org.scala-lang.modules#scala-xml_2.11;1.0.2 ...
sbt-chain: Checking cache for: dependency: org.scala-lang.modules#scala-xml_2.11;1.0.2 {compile=[compile(*), master(compile)], runtime=[runtime(*)]}
sbt-chain: module revision found in cache: org.scala-lang.modules#scala-xml_2.11;1.0.2
	found org.scala-lang.modules#scala-xml_2.11;1.0.2 in sbt-chain
== resolving dependencies org.scalatest#scalatest_2.11;2.2.4->org.scala-lang.modules#scala-xml_2.11;1.0.2 [compile->compile(*)]
== resolving dependencies org.scala-lang.modules#scala-xml_2.11;1.0.2->org.scala-lang#scala-library;2.11.1 [compile->master(compile)]
== resolving dependencies org.scala-lang.modules#scala-xml_2.11;1.0.2->org.scala-lang#scala-library;2.11.1 [compile->compile(*)]
== resolving dependencies org.scala-lang.modules#scala-xml_2.11;1.0.2->org.scala-lang#scala-library;2.11.7 [compile->compile(*)]
== resolving dependencies org.scalatest#scalatest_2.11;2.2.4->org.scala-lang.modules#scala-xml_2.11;1.0.2 [compile->runtime(*)]
== resolving dependencies org.scalatest#scalatest_2.11;2.2.4->org.scala-lang.modules#scala-xml_2.11;1.0.2 [compile->compile]
== resolving dependencies org.scala-lang.modules#scala-xml_2.11;1.0.2->org.scala-lang#scala-library;2.11.1 [runtime->runtime(*)]
== resolving dependencies org.scala-lang.modules#scala-xml_2.11;1.0.2->org.scala-lang#scala-library;2.11.7 [runtime->runtime(*)]
== resolving dependencies org.scala-lang.modules#scala-xml_2.11;1.0.2->org.scala-lang#scala-library;2.11.7 [runtime->compile]
== resolving dependencies org.scalatest#scalatest_2.11;2.2.4->org.scala-lang#scala-library;2.11.2 [runtime->runtime(*)]
== resolving dependencies org.scalatest#scalatest_2.11;2.2.4->org.scala-lang#scala-library;2.11.7 [runtime->runtime(*)]
== resolving dependencies org.scalatest#scalatest_2.11;2.2.4->org.scala-lang#scala-library;2.11.7 [runtime->compile]
== resolving dependencies org.scalatest#scalatest_2.11;2.2.4->org.scala-lang#scala-reflect;2.11.2 [runtime->runtime(*)]
== resolving dependencies org.scalatest#scalatest_2.11;2.2.4->org.scala-lang#scala-reflect;2.11.2 [runtime->compile]
== resolving dependencies org.scalatest#scalatest_2.11;2.2.4->org.scala-lang.modules#scala-xml_2.11;1.0.2 [runtime->runtime(*)]
== resolving dependencies org.scalatest#scalatest_2.11;2.2.4->org.scala-lang.modules#scala-xml_2.11;1.0.2 [runtime->compile]
== resolving dependencies minimal-scala#minimal-scala_2.11;1.0->org.scalatest#scalatest_2.11;2.2.4 [test->master]
resolving dependencies for configuration 'provided'
== resolving dependencies for minimal-scala#minimal-scala_2.11;1.0 [provided]
resolving dependencies for configuration 'optional'
== resolving dependencies for minimal-scala#minimal-scala_2.11;1.0 [optional]
resolving dependencies for configuration 'compile-internal'
== resolving dependencies for minimal-scala#minimal-scala_2.11;1.0 [compile-internal]
== resolving dependencies for minimal-scala#minimal-scala_2.11;1.0 [compile]
== resolving dependencies minimal-scala#minimal-scala_2.11;1.0->org.scala-lang#scala-library;2.11.7 [compile->default(compile)]
== resolving dependencies minimal-scala#minimal-scala_2.11;1.0->org.scala-lang#scala-library;2.11.7 [compile->runtime]
== resolving dependencies minimal-scala#minimal-scala_2.11;1.0->org.scala-lang#scala-library;2.11.7 [compile->compile]
== resolving dependencies minimal-scala#minimal-scala_2.11;1.0->org.scala-lang#scala-library;2.11.7 [compile->master]
== resolving dependencies minimal-scala#minimal-scala_2.11;1.0->net.sf.brunneng.fusie#fusie;0.8.1 [compile->default(compile)]
== resolving dependencies minimal-scala#minimal-scala_2.11;1.0->net.sf.brunneng.fusie#fusie;0.8.1 [compile->runtime]
== resolving dependencies minimal-scala#minimal-scala_2.11;1.0->net.sf.brunneng.fusie#fusie;0.8.1 [compile->compile]
== resolving dependencies net.sf.brunneng.fusie#fusie;0.8.1->org.scala-lang#scala-library;2.10.0 [compile->master(compile)]
== resolving dependencies net.sf.brunneng.fusie#fusie;0.8.1->org.scala-lang#scala-library;2.11.7 [compile->master(compile)]
== resolving dependencies net.sf.brunneng.fusie#fusie;0.8.1->org.scala-lang#scala-library;2.10.0 [compile->compile(*)]
== resolving dependencies net.sf.brunneng.fusie#fusie;0.8.1->org.scala-lang#scala-library;2.11.7 [compile->compile(*)]
== resolving dependencies net.sf.brunneng.fusie#fusie;0.8.1->org.apache.commons#commons-math;2.2 [compile->master(compile)]
== resolving dependencies net.sf.brunneng.fusie#fusie;0.8.1->org.apache.commons#commons-math;2.2 [compile->compile(*)]
== resolving dependencies net.sf.brunneng.fusie#fusie;0.8.1->org.scala-lang#scala-library;2.10.0 [runtime->runtime(*)]
== resolving dependencies net.sf.brunneng.fusie#fusie;0.8.1->org.scala-lang#scala-library;2.11.7 [runtime->runtime(*)]
== resolving dependencies net.sf.brunneng.fusie#fusie;0.8.1->org.scala-lang#scala-library;2.11.7 [runtime->compile]
== resolving dependencies net.sf.brunneng.fusie#fusie;0.8.1->org.apache.commons#commons-math;2.2 [runtime->runtime(*)]
== resolving dependencies net.sf.brunneng.fusie#fusie;0.8.1->org.apache.commons#commons-math;2.2 [runtime->compile]
== resolving dependencies minimal-scala#minimal-scala_2.11;1.0->net.sf.brunneng.fusie#fusie;0.8.1 [compile->master]
== resolving dependencies minimal-scala#minimal-scala_2.11;1.0->org.scala-lang.modules#scala-parser-combinators_2.11;1.0.2 [compile->default(compile)]
== resolving dependencies minimal-scala#minimal-scala_2.11;1.0->org.scala-lang.modules#scala-parser-combinators_2.11;1.0.2 [compile->runtime]
== resolving dependencies minimal-scala#minimal-scala_2.11;1.0->org.scala-lang.modules#scala-parser-combinators_2.11;1.0.2 [compile->compile]
== resolving dependencies org.scala-lang.modules#scala-parser-combinators_2.11;1.0.2->org.scala-lang#scala-library;2.11.1 [compile->master(compile)]
== resolving dependencies org.scala-lang.modules#scala-parser-combinators_2.11;1.0.2->org.scala-lang#scala-library;2.11.7 [compile->master(compile)]
== resolving dependencies org.scala-lang.modules#scala-parser-combinators_2.11;1.0.2->org.scala-lang#scala-library;2.11.1 [compile->compile(*)]
== resolving dependencies org.scala-lang.modules#scala-parser-combinators_2.11;1.0.2->org.scala-lang#scala-library;2.11.7 [compile->compile(*)]
== resolving dependencies org.scala-lang.modules#scala-parser-combinators_2.11;1.0.2->org.scala-lang#scala-library;2.11.1 [runtime->runtime(*)]
== resolving dependencies org.scala-lang.modules#scala-parser-combinators_2.11;1.0.2->org.scala-lang#scala-library;2.11.7 [runtime->runtime(*)]
== resolving dependencies org.scala-lang.modules#scala-parser-combinators_2.11;1.0.2->org.scala-lang#scala-library;2.11.7 [runtime->compile]
== resolving dependencies minimal-scala#minimal-scala_2.11;1.0->org.scala-lang.modules#scala-parser-combinators_2.11;1.0.2 [compile->master]
== resolving dependencies for minimal-scala#minimal-scala_2.11;1.0 [optional]
== resolving dependencies for minimal-scala#minimal-scala_2.11;1.0 [provided]
resolving dependencies for configuration 'runtime-internal'
== resolving dependencies for minimal-scala#minimal-scala_2.11;1.0 [runtime-internal]
== resolving dependencies for minimal-scala#minimal-scala_2.11;1.0 [runtime]
== resolving dependencies for minimal-scala#minimal-scala_2.11;1.0 [compile]
== resolving dependencies minimal-scala#minimal-scala_2.11;1.0->org.scala-lang#scala-library;2.11.7 [compile->default(compile)]
== resolving dependencies minimal-scala#minimal-scala_2.11;1.0->org.scala-lang#scala-library;2.11.7 [compile->runtime]
== resolving dependencies minimal-scala#minimal-scala_2.11;1.0->org.scala-lang#scala-library;2.11.7 [compile->compile]
== resolving dependencies minimal-scala#minimal-scala_2.11;1.0->org.scala-lang#scala-library;2.11.7 [compile->master]
== resolving dependencies minimal-scala#minimal-scala_2.11;1.0->net.sf.brunneng.fusie#fusie;0.8.1 [compile->default(compile)]
== resolving dependencies minimal-scala#minimal-scala_2.11;1.0->net.sf.brunneng.fusie#fusie;0.8.1 [compile->runtime]
== resolving dependencies minimal-scala#minimal-scala_2.11;1.0->net.sf.brunneng.fusie#fusie;0.8.1 [compile->compile]
== resolving dependencies net.sf.brunneng.fusie#fusie;0.8.1->org.scala-lang#scala-library;2.10.0 [compile->master(compile)]
== resolving dependencies net.sf.brunneng.fusie#fusie;0.8.1->org.scala-lang#scala-library;2.11.7 [compile->master(compile)]
== resolving dependencies net.sf.brunneng.fusie#fusie;0.8.1->org.scala-lang#scala-library;2.10.0 [compile->compile(*)]
== resolving dependencies net.sf.brunneng.fusie#fusie;0.8.1->org.scala-lang#scala-library;2.11.7 [compile->compile(*)]
== resolving dependencies net.sf.brunneng.fusie#fusie;0.8.1->org.apache.commons#commons-math;2.2 [compile->master(compile)]
== resolving dependencies net.sf.brunneng.fusie#fusie;0.8.1->org.apache.commons#commons-math;2.2 [compile->compile(*)]
== resolving dependencies net.sf.brunneng.fusie#fusie;0.8.1->org.scala-lang#scala-library;2.10.0 [runtime->runtime(*)]
== resolving dependencies net.sf.brunneng.fusie#fusie;0.8.1->org.scala-lang#scala-library;2.11.7 [runtime->runtime(*)]
== resolving dependencies net.sf.brunneng.fusie#fusie;0.8.1->org.scala-lang#scala-library;2.11.7 [runtime->compile]
== resolving dependencies net.sf.brunneng.fusie#fusie;0.8.1->org.apache.commons#commons-math;2.2 [runtime->runtime(*)]
== resolving dependencies net.sf.brunneng.fusie#fusie;0.8.1->org.apache.commons#commons-math;2.2 [runtime->compile]
== resolving dependencies minimal-scala#minimal-scala_2.11;1.0->net.sf.brunneng.fusie#fusie;0.8.1 [compile->master]
== resolving dependencies minimal-scala#minimal-scala_2.11;1.0->org.scala-lang.modules#scala-parser-combinators_2.11;1.0.2 [compile->default(compile)]
== resolving dependencies minimal-scala#minimal-scala_2.11;1.0->org.scala-lang.modules#scala-parser-combinators_2.11;1.0.2 [compile->runtime]
== resolving dependencies minimal-scala#minimal-scala_2.11;1.0->org.scala-lang.modules#scala-parser-combinators_2.11;1.0.2 [compile->compile]
== resolving dependencies org.scala-lang.modules#scala-parser-combinators_2.11;1.0.2->org.scala-lang#scala-library;2.11.1 [compile->master(compile)]
== resolving dependencies org.scala-lang.modules#scala-parser-combinators_2.11;1.0.2->org.scala-lang#scala-library;2.11.7 [compile->master(compile)]
== resolving dependencies org.scala-lang.modules#scala-parser-combinators_2.11;1.0.2->org.scala-lang#scala-library;2.11.1 [compile->compile(*)]
== resolving dependencies org.scala-lang.modules#scala-parser-combinators_2.11;1.0.2->org.scala-lang#scala-library;2.11.7 [compile->compile(*)]
== resolving dependencies org.scala-lang.modules#scala-parser-combinators_2.11;1.0.2->org.scala-lang#scala-library;2.11.1 [runtime->runtime(*)]
== resolving dependencies org.scala-lang.modules#scala-parser-combinators_2.11;1.0.2->org.scala-lang#scala-library;2.11.7 [runtime->runtime(*)]
== resolving dependencies org.scala-lang.modules#scala-parser-combinators_2.11;1.0.2->org.scala-lang#scala-library;2.11.7 [runtime->compile]
== resolving dependencies minimal-scala#minimal-scala_2.11;1.0->org.scala-lang.modules#scala-parser-combinators_2.11;1.0.2 [compile->master]
== resolving dependencies for minimal-scala#minimal-scala_2.11;1.0 [optional]
resolving dependencies for configuration 'test-internal'
== resolving dependencies for minimal-scala#minimal-scala_2.11;1.0 [test-internal]
== resolving dependencies for minimal-scala#minimal-scala_2.11;1.0 [test]
== resolving dependencies for minimal-scala#minimal-scala_2.11;1.0 [runtime]
== resolving dependencies for minimal-scala#minimal-scala_2.11;1.0 [compile]
== resolving dependencies minimal-scala#minimal-scala_2.11;1.0->org.scala-lang#scala-library;2.11.7 [compile->default(compile)]
== resolving dependencies minimal-scala#minimal-scala_2.11;1.0->org.scala-lang#scala-library;2.11.7 [compile->runtime]
== resolving dependencies minimal-scala#minimal-scala_2.11;1.0->org.scala-lang#scala-library;2.11.7 [compile->compile]
== resolving dependencies minimal-scala#minimal-scala_2.11;1.0->org.scala-lang#scala-library;2.11.7 [compile->master]
== resolving dependencies minimal-scala#minimal-scala_2.11;1.0->net.sf.brunneng.fusie#fusie;0.8.1 [compile->default(compile)]
== resolving dependencies minimal-scala#minimal-scala_2.11;1.0->net.sf.brunneng.fusie#fusie;0.8.1 [compile->runtime]
== resolving dependencies minimal-scala#minimal-scala_2.11;1.0->net.sf.brunneng.fusie#fusie;0.8.1 [compile->compile]
== resolving dependencies net.sf.brunneng.fusie#fusie;0.8.1->org.scala-lang#scala-library;2.10.0 [compile->master(compile)]
== resolving dependencies net.sf.brunneng.fusie#fusie;0.8.1->org.scala-lang#scala-library;2.11.7 [compile->master(compile)]
== resolving dependencies net.sf.brunneng.fusie#fusie;0.8.1->org.scala-lang#scala-library;2.10.0 [compile->compile(*)]
== resolving dependencies net.sf.brunneng.fusie#fusie;0.8.1->org.scala-lang#scala-library;2.11.7 [compile->compile(*)]
== resolving dependencies net.sf.brunneng.fusie#fusie;0.8.1->org.apache.commons#commons-math;2.2 [compile->master(compile)]
== resolving dependencies net.sf.brunneng.fusie#fusie;0.8.1->org.apache.commons#commons-math;2.2 [compile->compile(*)]
== resolving dependencies net.sf.brunneng.fusie#fusie;0.8.1->org.scala-lang#scala-library;2.10.0 [runtime->runtime(*)]
== resolving dependencies net.sf.brunneng.fusie#fusie;0.8.1->org.scala-lang#scala-library;2.11.7 [runtime->runtime(*)]
== resolving dependencies net.sf.brunneng.fusie#fusie;0.8.1->org.scala-lang#scala-library;2.11.7 [runtime->compile]
== resolving dependencies net.sf.brunneng.fusie#fusie;0.8.1->org.apache.commons#commons-math;2.2 [runtime->runtime(*)]
== resolving dependencies net.sf.brunneng.fusie#fusie;0.8.1->org.apache.commons#commons-math;2.2 [runtime->compile]
== resolving dependencies minimal-scala#minimal-scala_2.11;1.0->net.sf.brunneng.fusie#fusie;0.8.1 [compile->master]
== resolving dependencies minimal-scala#minimal-scala_2.11;1.0->org.scala-lang.modules#scala-parser-combinators_2.11;1.0.2 [compile->default(compile)]
== resolving dependencies minimal-scala#minimal-scala_2.11;1.0->org.scala-lang.modules#scala-parser-combinators_2.11;1.0.2 [compile->runtime]
== resolving dependencies minimal-scala#minimal-scala_2.11;1.0->org.scala-lang.modules#scala-parser-combinators_2.11;1.0.2 [compile->compile]
== resolving dependencies org.scala-lang.modules#scala-parser-combinators_2.11;1.0.2->org.scala-lang#scala-library;2.11.1 [compile->master(compile)]
== resolving dependencies org.scala-lang.modules#scala-parser-combinators_2.11;1.0.2->org.scala-lang#scala-library;2.11.7 [compile->master(compile)]
== resolving dependencies org.scala-lang.modules#scala-parser-combinators_2.11;1.0.2->org.scala-lang#scala-library;2.11.1 [compile->compile(*)]
== resolving dependencies org.scala-lang.modules#scala-parser-combinators_2.11;1.0.2->org.scala-lang#scala-library;2.11.7 [compile->compile(*)]
== resolving dependencies org.scala-lang.modules#scala-parser-combinators_2.11;1.0.2->org.scala-lang#scala-library;2.11.1 [runtime->runtime(*)]
== resolving dependencies org.scala-lang.modules#scala-parser-combinators_2.11;1.0.2->org.scala-lang#scala-library;2.11.7 [runtime->runtime(*)]
== resolving dependencies org.scala-lang.modules#scala-parser-combinators_2.11;1.0.2->org.scala-lang#scala-library;2.11.7 [runtime->compile]
== resolving dependencies minimal-scala#minimal-scala_2.11;1.0->org.scala-lang.modules#scala-parser-combinators_2.11;1.0.2 [compile->master]
== resolving dependencies minimal-scala#minimal-scala_2.11;1.0->org.scalatest#scalatest_2.11;2.2.4 [test->default(compile)]
== resolving dependencies minimal-scala#minimal-scala_2.11;1.0->org.scalatest#scalatest_2.11;2.2.4 [test->runtime]
== resolving dependencies minimal-scala#minimal-scala_2.11;1.0->org.scalatest#scalatest_2.11;2.2.4 [test->compile]
== resolving dependencies org.scalatest#scalatest_2.11;2.2.4->org.scala-lang#scala-library;2.11.2 [compile->master(compile)]
== resolving dependencies org.scalatest#scalatest_2.11;2.2.4->org.scala-lang#scala-library;2.11.7 [compile->master(compile)]
== resolving dependencies org.scalatest#scalatest_2.11;2.2.4->org.scala-lang#scala-library;2.11.2 [compile->compile(*)]
== resolving dependencies org.scalatest#scalatest_2.11;2.2.4->org.scala-lang#scala-library;2.11.7 [compile->compile(*)]
== resolving dependencies org.scalatest#scalatest_2.11;2.2.4->org.scala-lang#scala-reflect;2.11.2 [compile->master(compile)]
== resolving dependencies org.scalatest#scalatest_2.11;2.2.4->org.scala-lang#scala-reflect;2.11.2 [compile->compile(*)]
== resolving dependencies org.scala-lang#scala-reflect;2.11.2->org.scala-lang#scala-library;2.11.2 [compile->master(compile)]
== resolving dependencies org.scala-lang#scala-reflect;2.11.2->org.scala-lang#scala-library;2.11.7 [compile->master(compile)]
== resolving dependencies org.scala-lang#scala-reflect;2.11.2->org.scala-lang#scala-library;2.11.2 [compile->compile(*)]
== resolving dependencies org.scala-lang#scala-reflect;2.11.2->org.scala-lang#scala-library;2.11.7 [compile->compile(*)]
== resolving dependencies org.scalatest#scalatest_2.11;2.2.4->org.scala-lang.modules#scala-xml_2.11;1.0.2 [compile->master(compile)]
== resolving dependencies org.scalatest#scalatest_2.11;2.2.4->org.scala-lang.modules#scala-xml_2.11;1.0.2 [compile->compile(*)]
== resolving dependencies org.scala-lang.modules#scala-xml_2.11;1.0.2->org.scala-lang#scala-library;2.11.1 [compile->master(compile)]
== resolving dependencies org.scala-lang.modules#scala-xml_2.11;1.0.2->org.scala-lang#scala-library;2.11.1 [compile->compile(*)]
== resolving dependencies org.scala-lang.modules#scala-xml_2.11;1.0.2->org.scala-lang#scala-library;2.11.7 [compile->compile(*)]
== resolving dependencies org.scalatest#scalatest_2.11;2.2.4->org.scala-lang#scala-library;2.11.2 [runtime->runtime(*)]
== resolving dependencies org.scalatest#scalatest_2.11;2.2.4->org.scala-lang#scala-library;2.11.7 [runtime->runtime(*)]
== resolving dependencies org.scalatest#scalatest_2.11;2.2.4->org.scala-lang#scala-library;2.11.7 [runtime->compile]
== resolving dependencies org.scalatest#scalatest_2.11;2.2.4->org.scala-lang#scala-reflect;2.11.2 [runtime->runtime(*)]
== resolving dependencies org.scalatest#scalatest_2.11;2.2.4->org.scala-lang#scala-reflect;2.11.2 [runtime->compile]
== resolving dependencies org.scala-lang#scala-reflect;2.11.2->org.scala-lang#scala-library;2.11.2 [runtime->runtime(*)]
== resolving dependencies org.scala-lang#scala-reflect;2.11.2->org.scala-lang#scala-library;2.11.7 [runtime->runtime(*)]
== resolving dependencies org.scala-lang#scala-reflect;2.11.2->org.scala-lang#scala-library;2.11.7 [runtime->compile]
== resolving dependencies org.scalatest#scalatest_2.11;2.2.4->org.scala-lang.modules#scala-xml_2.11;1.0.2 [runtime->runtime(*)]
== resolving dependencies org.scalatest#scalatest_2.11;2.2.4->org.scala-lang.modules#scala-xml_2.11;1.0.2 [runtime->compile]
== resolving dependencies org.scala-lang.modules#scala-xml_2.11;1.0.2->org.scala-lang#scala-library;2.11.1 [runtime->runtime(*)]
== resolving dependencies org.scala-lang.modules#scala-xml_2.11;1.0.2->org.scala-lang#scala-library;2.11.7 [runtime->runtime(*)]
== resolving dependencies org.scala-lang.modules#scala-xml_2.11;1.0.2->org.scala-lang#scala-library;2.11.7 [runtime->compile]
== resolving dependencies minimal-scala#minimal-scala_2.11;1.0->org.scalatest#scalatest_2.11;2.2.4 [test->master]
== resolving dependencies for minimal-scala#minimal-scala_2.11;1.0 [optional]
== resolving dependencies for minimal-scala#minimal-scala_2.11;1.0 [provided]
resolving dependencies for configuration 'plugin'
== resolving dependencies for minimal-scala#minimal-scala_2.11;1.0 [plugin]
resolving dependencies for configuration 'sources'
== resolving dependencies for minimal-scala#minimal-scala_2.11;1.0 [sources]
resolving dependencies for configuration 'docs'
== resolving dependencies for minimal-scala#minimal-scala_2.11;1.0 [docs]
resolving dependencies for configuration 'pom'
== resolving dependencies for minimal-scala#minimal-scala_2.11;1.0 [pom]
resolving dependencies for configuration 'scala-tool'
== resolving dependencies for minimal-scala#minimal-scala_2.11;1.0 [scala-tool]
== resolving dependencies minimal-scala#minimal-scala_2.11;1.0->org.scala-lang#scala-compiler;2.11.7 [scala-tool->default]
Read from stdout: Resolving org.scala-lang#scala-compiler;2.11.7 ...
Resolving org.scala-lang#scala-compiler;2.11.7 ...
sbt-chain: Checking cache for: dependency: org.scala-lang#scala-compiler;2.11.7 {scala-tool=[default, optional(default)]}
sbt-chain: module revision found in cache: org.scala-lang#scala-compiler;2.11.7
	found org.scala-lang#scala-compiler;2.11.7 in sbt-chain
== resolving dependencies minimal-scala#minimal-scala_2.11;1.0->org.scala-lang#scala-compiler;2.11.7 [scala-tool->runtime]
== resolving dependencies minimal-scala#minimal-scala_2.11;1.0->org.scala-lang#scala-compiler;2.11.7 [scala-tool->compile]
== resolving dependencies org.scala-lang#scala-compiler;2.11.7->org.scala-lang#scala-library;2.11.7 [compile->master(*)]
== resolving dependencies org.scala-lang#scala-compiler;2.11.7->org.scala-lang#scala-library;2.11.7 [compile->compile(*)]
== resolving dependencies org.scala-lang#scala-compiler;2.11.7->org.scala-lang#scala-library;2.11.7 [compile->default]
== resolving dependencies org.scala-lang#scala-compiler;2.11.7->org.scala-lang#scala-library;2.11.7 [compile->runtime]
== resolving dependencies org.scala-lang#scala-compiler;2.11.7->org.scala-lang#scala-library;2.11.7 [compile->compile]
== resolving dependencies org.scala-lang#scala-compiler;2.11.7->org.scala-lang#scala-library;2.11.7 [compile->master]
== resolving dependencies org.scala-lang#scala-compiler;2.11.7->org.scala-lang#scala-library;2.11.7 [compile->optional(default)]
== resolving dependencies org.scala-lang#scala-compiler;2.11.7->org.scala-lang#scala-reflect;2.11.7 [compile->master(*)]
Read from stdout: Resolving org.scala-lang#scala-reflect;2.11.7 ...
Resolving org.scala-lang#scala-reflect;2.11.7 ...
sbt-chain: Checking cache for: dependency: org.scala-lang#scala-reflect;2.11.7 {compile=[compile(*), master(*)], runtime=[runtime(*)]}
sbt-chain: module revision found in cache: org.scala-lang#scala-reflect;2.11.7
	found org.scala-lang#scala-reflect;2.11.7 in sbt-chain
	[2.11.7] org.scala-lang#scala-reflect;2.11.7
== resolving dependencies org.scala-lang#scala-compiler;2.11.7->org.scala-lang#scala-reflect;2.11.7 [compile->compile(*)]
== resolving dependencies org.scala-lang#scala-reflect;2.11.7->org.scala-lang#scala-library;2.11.7 [compile->master(*)]
== resolving dependencies org.scala-lang#scala-reflect;2.11.7->org.scala-lang#scala-library;2.11.7 [compile->compile(*)]
== resolving dependencies org.scala-lang#scala-compiler;2.11.7->org.scala-lang#scala-reflect;2.11.7 [compile->runtime(*)]
== resolving dependencies org.scala-lang#scala-compiler;2.11.7->org.scala-lang#scala-reflect;2.11.7 [compile->compile]
== resolving dependencies org.scala-lang#scala-reflect;2.11.7->org.scala-lang#scala-library;2.11.7 [runtime->runtime(*)]
== resolving dependencies org.scala-lang#scala-reflect;2.11.7->org.scala-lang#scala-library;2.11.7 [runtime->compile]
== resolving dependencies org.scala-lang#scala-compiler;2.11.7->org.scala-lang.modules#scala-xml_2.11;1.0.4 [compile->master(*)]
Read from stdout: Resolving org.scala-lang.modules#scala-xml_2.11;1.0.4 ...
Resolving org.scala-lang.modules#scala-xml_2.11;1.0.4 ...
sbt-chain: Checking cache for: dependency: org.scala-lang.modules#scala-xml_2.11;1.0.4 {compile=[compile(*), master(*)], runtime=[runtime(*)]}
sbt-chain: module revision found in cache: org.scala-lang.modules#scala-xml_2.11;1.0.4
	found org.scala-lang.modules#scala-xml_2.11;1.0.4 in sbt-chain
== resolving dependencies org.scala-lang#scala-compiler;2.11.7->org.scala-lang.modules#scala-xml_2.11;1.0.4 [compile->compile(*)]
== resolving dependencies org.scala-lang.modules#scala-xml_2.11;1.0.4->org.scala-lang#scala-library;2.11.4 [compile->master(*)]
== resolving dependencies org.scala-lang.modules#scala-xml_2.11;1.0.4->org.scala-lang#scala-library;2.11.7 [compile->master(*)]
== resolving dependencies org.scala-lang.modules#scala-xml_2.11;1.0.4->org.scala-lang#scala-library;2.11.4 [compile->compile(*)]
== resolving dependencies org.scala-lang.modules#scala-xml_2.11;1.0.4->org.scala-lang#scala-library;2.11.7 [compile->compile(*)]
== resolving dependencies org.scala-lang#scala-compiler;2.11.7->org.scala-lang.modules#scala-xml_2.11;1.0.4 [compile->runtime(*)]
== resolving dependencies org.scala-lang#scala-compiler;2.11.7->org.scala-lang.modules#scala-xml_2.11;1.0.4 [compile->compile]
== resolving dependencies org.scala-lang.modules#scala-xml_2.11;1.0.4->org.scala-lang#scala-library;2.11.4 [runtime->runtime(*)]
== resolving dependencies org.scala-lang.modules#scala-xml_2.11;1.0.4->org.scala-lang#scala-library;2.11.7 [runtime->runtime(*)]
== resolving dependencies org.scala-lang.modules#scala-xml_2.11;1.0.4->org.scala-lang#scala-library;2.11.7 [runtime->compile]
== resolving dependencies org.scala-lang#scala-compiler;2.11.7->org.scala-lang.modules#scala-parser-combinators_2.11;1.0.4 [compile->master(*)]
Read from stdout: Resolving org.scala-lang.modules#scala-parser-combinators_2.11;1.0.4 ...
Resolving org.scala-lang.modules#scala-parser-combinators_2.11;1.0.4 ...
sbt-chain: Checking cache for: dependency: org.scala-lang.modules#scala-parser-combinators_2.11;1.0.4 {compile=[compile(*), master(*)], runtime=[runtime(*)]}
sbt-chain: module revision found in cache: org.scala-lang.modules#scala-parser-combinators_2.11;1.0.4
	found org.scala-lang.modules#scala-parser-combinators_2.11;1.0.4 in sbt-chain
== resolving dependencies org.scala-lang#scala-compiler;2.11.7->org.scala-lang.modules#scala-parser-combinators_2.11;1.0.4 [compile->compile(*)]
== resolving dependencies org.scala-lang.modules#scala-parser-combinators_2.11;1.0.4->org.scala-lang#scala-library;2.11.6 [compile->master(*)]
== resolving dependencies org.scala-lang.modules#scala-parser-combinators_2.11;1.0.4->org.scala-lang#scala-library;2.11.7 [compile->master(*)]
== resolving dependencies org.scala-lang.modules#scala-parser-combinators_2.11;1.0.4->org.scala-lang#scala-library;2.11.6 [compile->compile(*)]
== resolving dependencies org.scala-lang.modules#scala-parser-combinators_2.11;1.0.4->org.scala-lang#scala-library;2.11.7 [compile->compile(*)]
== resolving dependencies org.scala-lang#scala-compiler;2.11.7->org.scala-lang.modules#scala-parser-combinators_2.11;1.0.4 [compile->runtime(*)]
== resolving dependencies org.scala-lang#scala-compiler;2.11.7->org.scala-lang.modules#scala-parser-combinators_2.11;1.0.4 [compile->compile]
== resolving dependencies org.scala-lang.modules#scala-parser-combinators_2.11;1.0.4->org.scala-lang#scala-library;2.11.6 [runtime->runtime(*)]
== resolving dependencies org.scala-lang.modules#scala-parser-combinators_2.11;1.0.4->org.scala-lang#scala-library;2.11.7 [runtime->runtime(*)]
== resolving dependencies org.scala-lang.modules#scala-parser-combinators_2.11;1.0.4->org.scala-lang#scala-library;2.11.7 [runtime->compile]
== resolving dependencies org.scala-lang#scala-compiler;2.11.7->org.scala-lang#scala-library;2.11.7 [runtime->runtime(*)]
== resolving dependencies org.scala-lang#scala-compiler;2.11.7->org.scala-lang#scala-library;2.11.7 [runtime->compile]
== resolving dependencies org.scala-lang#scala-compiler;2.11.7->org.scala-lang#scala-reflect;2.11.7 [runtime->runtime(*)]
== resolving dependencies org.scala-lang#scala-compiler;2.11.7->org.scala-lang#scala-reflect;2.11.7 [runtime->compile]
== resolving dependencies org.scala-lang#scala-compiler;2.11.7->org.scala-lang.modules#scala-xml_2.11;1.0.4 [runtime->runtime(*)]
== resolving dependencies org.scala-lang#scala-compiler;2.11.7->org.scala-lang.modules#scala-xml_2.11;1.0.4 [runtime->compile]
== resolving dependencies org.scala-lang#scala-compiler;2.11.7->org.scala-lang.modules#scala-parser-combinators_2.11;1.0.4 [runtime->runtime(*)]
== resolving dependencies org.scala-lang#scala-compiler;2.11.7->org.scala-lang.modules#scala-parser-combinators_2.11;1.0.4 [runtime->compile]
== resolving dependencies minimal-scala#minimal-scala_2.11;1.0->org.scala-lang#scala-compiler;2.11.7 [scala-tool->master]
== resolving dependencies minimal-scala#minimal-scala_2.11;1.0->org.scala-lang#scala-compiler;2.11.7 [scala-tool->optional(default)]
== resolving dependencies org.scala-lang#scala-compiler;2.11.7->jline#jline;2.12.1 [optional->master(*)]
Read from stdout: Resolving jline#jline;2.12.1 ...
Resolving jline#jline;2.12.1 ...
sbt-chain: Checking cache for: dependency: jline#jline;2.12.1 {optional=[compile(*), master(*)]}
sbt-chain: module revision found in cache: jline#jline;2.12.1
	found jline#jline;2.12.1 in sbt-chain
== resolving dependencies org.scala-lang#scala-compiler;2.11.7->jline#jline;2.12.1 [optional->compile(*)]
== resolving dependencies minimal-scala#minimal-scala_2.11;1.0->org.scala-lang#scala-library;2.11.7 [scala-tool->default]
== resolving dependencies minimal-scala#minimal-scala_2.11;1.0->org.scala-lang#scala-library;2.11.7 [scala-tool->runtime]
== resolving dependencies minimal-scala#minimal-scala_2.11;1.0->org.scala-lang#scala-library;2.11.7 [scala-tool->compile]
== resolving dependencies minimal-scala#minimal-scala_2.11;1.0->org.scala-lang#scala-library;2.11.7 [scala-tool->master]
== resolving dependencies minimal-scala#minimal-scala_2.11;1.0->org.scala-lang#scala-library;2.11.7 [scala-tool->optional(default)]
	resolved ivy file produced in cache
:: downloading artifacts ::
	[NOT REQUIRED] org.scala-lang#scala-library;2.11.7!scala-library.jar
	[NOT REQUIRED] net.sf.brunneng.fusie#fusie;0.8.1!fusie.jar
	[NOT REQUIRED] org.scala-lang.modules#scala-parser-combinators_2.11;1.0.2!scala-parser-combinators_2.11.jar(bundle)
	[NOT REQUIRED] org.apache.commons#commons-math;2.2!commons-math.jar
	[NOT REQUIRED] org.scalatest#scalatest_2.11;2.2.4!scalatest_2.11.jar(bundle)
	[NOT REQUIRED] org.scala-lang#scala-reflect;2.11.2!scala-reflect.jar
	[NOT REQUIRED] org.scala-lang.modules#scala-xml_2.11;1.0.2!scala-xml_2.11.jar(bundle)
	[NOT REQUIRED] org.scala-lang#scala-compiler;2.11.7!scala-compiler.jar
	[NOT REQUIRED] org.scala-lang#scala-reflect;2.11.7!scala-reflect.jar
	[NOT REQUIRED] org.scala-lang.modules#scala-xml_2.11;1.0.4!scala-xml_2.11.jar(bundle)
	[NOT REQUIRED] org.scala-lang.modules#scala-parser-combinators_2.11;1.0.4!scala-parser-combinators_2.11.jar(bundle)
	[NOT REQUIRED] jline#jline;2.12.1!jline.jar
:: resolution report :: resolve 1792ms :: artifacts dl 47ms
	report for minimal-scala#minimal-scala_2.11;1.0 compile produced in /home/raphael/Documentos/Estudos/Scala/expert-language/target/resolution-cache/reports/minimal-scala-minimal-scala_2.11-compile.xml
	report for minimal-scala#minimal-scala_2.11;1.0 runtime produced in /home/raphael/Documentos/Estudos/Scala/expert-language/target/resolution-cache/reports/minimal-scala-minimal-scala_2.11-runtime.xml
	report for minimal-scala#minimal-scala_2.11;1.0 test produced in /home/raphael/Documentos/Estudos/Scala/expert-language/target/resolution-cache/reports/minimal-scala-minimal-scala_2.11-test.xml
	report for minimal-scala#minimal-scala_2.11;1.0 provided produced in /home/raphael/Documentos/Estudos/Scala/expert-language/target/resolution-cache/reports/minimal-scala-minimal-scala_2.11-provided.xml
	report for minimal-scala#minimal-scala_2.11;1.0 optional produced in /home/raphael/Documentos/Estudos/Scala/expert-language/target/resolution-cache/reports/minimal-scala-minimal-scala_2.11-optional.xml
	report for minimal-scala#minimal-scala_2.11;1.0 compile-internal produced in /home/raphael/Documentos/Estudos/Scala/expert-language/target/resolution-cache/reports/minimal-scala-minimal-scala_2.11-compile-internal.xml
	report for minimal-scala#minimal-scala_2.11;1.0 runtime-internal produced in /home/raphael/Documentos/Estudos/Scala/expert-language/target/resolution-cache/reports/minimal-scala-minimal-scala_2.11-runtime-internal.xml
	report for minimal-scala#minimal-scala_2.11;1.0 test-internal produced in /home/raphael/Documentos/Estudos/Scala/expert-language/target/resolution-cache/reports/minimal-scala-minimal-scala_2.11-test-internal.xml
	report for minimal-scala#minimal-scala_2.11;1.0 plugin produced in /home/raphael/Documentos/Estudos/Scala/expert-language/target/resolution-cache/reports/minimal-scala-minimal-scala_2.11-plugin.xml
	report for minimal-scala#minimal-scala_2.11;1.0 sources produced in /home/raphael/Documentos/Estudos/Scala/expert-language/target/resolution-cache/reports/minimal-scala-minimal-scala_2.11-sources.xml
	report for minimal-scala#minimal-scala_2.11;1.0 docs produced in /home/raphael/Documentos/Estudos/Scala/expert-language/target/resolution-cache/reports/minimal-scala-minimal-scala_2.11-docs.xml
	report for minimal-scala#minimal-scala_2.11;1.0 pom produced in /home/raphael/Documentos/Estudos/Scala/expert-language/target/resolution-cache/reports/minimal-scala-minimal-scala_2.11-pom.xml
	report for minimal-scala#minimal-scala_2.11;1.0 scala-tool produced in /home/raphael/Documentos/Estudos/Scala/expert-language/target/resolution-cache/reports/minimal-scala-minimal-scala_2.11-scala-tool.xml
	resolve done (1792ms resolve - 47ms download)
Read from stdout: Done updating.
Done updating.

Initial source changes: 
	removed:Set()
	added: Set()
	modified: Set(/home/raphael/Documentos/Estudos/Scala/expert-language/src/main/scala/com/example/Hello.scala)
Removed products: Set(/home/raphael/Documentos/Estudos/Scala/expert-language/target/scala-2.11/classes/com/example/Hello$.class, /home/raphael/Documentos/Estudos/Scala/expert-language/target/scala-2.11/classes/com/example/Hello.class)
External API changes: API Changes: Set()
Modified binary dependencies: Set()
Initial directly invalidated sources: Set(/home/raphael/Documentos/Estudos/Scala/expert-language/src/main/scala/com/example/Hello.scala)

Sources indirectly invalidated by:
	product: Set(/home/raphael/Documentos/Estudos/Scala/expert-language/src/main/scala/com/example/Hello.scala)
	binary dep: Set()
	external source: Set()
All initially invalidated sources: Set(/home/raphael/Documentos/Estudos/Scala/expert-language/src/main/scala/com/example/Hello.scala)

Recompiling all 1 sources: invalidated sources (1) exceeded 50.0% of all sources
Read from stdout: Compiling 1 Scala source to /home/raphael/Documentos/Estudos/Scala/expert-language/target/scala-2.11/classes...
Compiling 1 Scala source to /home/raphael/Documentos/Estudos/Scala/expert-language/target/scala-2.11/classes...
Getting compiler-interface from component compiler for Scala 2.11.7
Other repositories:
Default repositories:
Getting compiler-interface from component compiler for Scala 2.11.7
Other repositories:
Default repositories:
Running cached compiler 17056e45, interfacing (CompilerInterface) with Scala compiler version 2.11.7
Calling Scala compiler with arguments  (CompilerInterface):
	-bootclasspath
	/opt/jdk1.8.0_60/jre/lib/resources.jar:/opt/jdk1.8.0_60/jre/lib/rt.jar:/opt/jdk1.8.0_60/jre/lib/sunrsasign.jar:/opt/jdk1.8.0_60/jre/lib/jsse.jar:/opt/jdk1.8.0_60/jre/lib/jce.jar:/opt/jdk1.8.0_60/jre/lib/charsets.jar:/opt/jdk1.8.0_60/jre/lib/jfr.jar:/opt/jdk1.8.0_60/jre/classes:/home/raphael/.ivy2/cache/org.scala-lang/scala-library/jars/scala-library-2.11.7.jar
	-classpath
	/home/raphael/Documentos/Estudos/Scala/expert-language/target/scala-2.11/classes:/home/raphael/.ivy2/cache/net.sf.brunneng.fusie/fusie/jars/fusie-0.8.1.jar:/home/raphael/.ivy2/cache/org.apache.commons/commons-math/jars/commons-math-2.2.jar:/home/raphael/.ivy2/cache/org.scala-lang.modules/scala-parser-combinators_2.11/bundles/scala-parser-combinators_2.11-1.0.2.jar
Scala compilation took 5.305129416 s
New invalidations:
	Set()
Initial set of included nodes: Set()
Previously invalidated, but (transitively) depend on new invalidations:
	Set()
All newly invalidated sources after taking into account (previously) recompiled sources:Set()
Total time: 9 s, completed 08/10/2015 00:41:08
> server-post-command-cleanup
> server-handle-next-server-request
> {file:/home/raphael/Documentos/Estudos/Scala/expert-language/}expert-language/compile:mainClass
Evaluating tasks: compile:mainClass
Running task... Cancel: sbt.server.ServerTaskCancellation@63255c43, check cycles: false

Initial source changes: 
	removed:Set()
	added: Set()
	modified: Set()
Removed products: Set()
External API changes: API Changes: Set()
Modified binary dependencies: Set()
Initial directly invalidated sources: Set()

Sources indirectly invalidated by:
	product: Set()
	binary dep: Set()
	external source: Set()
All initially invalidated sources: Set()

Total time: 1 s, completed 08/10/2015 00:41:09
> server-post-command-cleanup
> server-handle-next-server-request
> {file:/home/raphael/Documentos/Estudos/Scala/expert-language/}expert-language/compile:discoveredMainClasses
Evaluating tasks: compile:discoveredMainClasses
Running task... Cancel: sbt.server.ServerTaskCancellation@44d16ba4, check cycles: false

Initial source changes: 
	removed:Set()
	added: Set()
	modified: Set()
Removed products: Set()
External API changes: API Changes: Set()
Modified binary dependencies: Set()
Initial directly invalidated sources: Set()

Sources indirectly invalidated by:
	product: Set()
	binary dep: Set()
	external source: Set()
All initially invalidated sources: Set()

Total time: 1 s, completed 08/10/2015 00:41:10
> server-post-command-cleanup
> server-handle-next-server-request
> {file:/home/raphael/Documentos/Estudos/Scala/expert-language/}expert-language/compile:mainClass
Evaluating tasks: compile:mainClass
Running task... Cancel: sbt.server.ServerTaskCancellation@2050da22, check cycles: false

Initial source changes: 
	removed:Set()
	added: Set()
	modified: Set()
Removed products: Set()
External API changes: API Changes: Set()
Modified binary dependencies: Set()
Initial directly invalidated sources: Set()

Sources indirectly invalidated by:
	product: Set()
	binary dep: Set()
	external source: Set()
All initially invalidated sources: Set()

Total time: 0 s, completed 08/10/2015 00:41:10
> server-post-command-cleanup
> server-handle-next-server-request
> backgroundRunMain com.example.Hello
Evaluating tasks: compile:backgroundRunMain
Running task... Cancel: sbt.server.ServerTaskCancellation@6a7460fa, check cycles: false

Initial source changes: 
	removed:Set()
	added: Set()
	modified: Set()
Removed products: Set()
External API changes: API Changes: Set()
Modified binary dependencies: Set()
Initial directly invalidated sources: Set()

Sources indirectly invalidated by:
	product: Set()
	binary dep: Set()
	external source: Set()
All initially invalidated sources: Set()

Copy resource mappings: 
	
Total time: 1 s, completed 08/10/2015 00:41:19
> server-post-command-cleanup
> server-handle-next-server-request
> jobStop 1
Evaluating tasks: *:jobStop
Running task... Cancel: sbt.server.ServerTaskCancellation@1c169188, check cycles: false
Total time: 0 s, completed 08/10/2015 00:41:27
> server-post-command-cleanup
> server-handle-next-server-request
Exception in thread "Thread-3" java.io.IOException: Stream closed
	at java.io.BufferedInputStream.getBufIfOpen(BufferedInputStream.java:170)
	at java.io.BufferedInputStream.read(BufferedInputStream.java:336)
	at sun.nio.cs.StreamDecoder.readBytes(StreamDecoder.java:284)
	at sun.nio.cs.StreamDecoder.implRead(StreamDecoder.java:326)
	at sun.nio.cs.StreamDecoder.read(StreamDecoder.java:178)
	at java.io.InputStreamReader.read(InputStreamReader.java:184)
	at java.io.BufferedReader.fill(BufferedReader.java:161)
	at java.io.BufferedReader.readLine(BufferedReader.java:324)
	at java.io.BufferedReader.readLine(BufferedReader.java:389)
	at sbt.BasicIO$$anonfun$processFully$1$$anonfun$apply$8.apply(ProcessImpl.scala:58)
	at sbt.BasicIO$$anonfun$processFully$1$$anonfun$apply$8.apply(ProcessImpl.scala:58)
	at sbt.BasicIO$.readFully$1(ProcessImpl.scala:63)
	at sbt.BasicIO$.processLinesFully(ProcessImpl.scala:69)
	at sbt.BasicIO$$anonfun$processFully$1.apply(ProcessImpl.scala:58)
	at sbt.BasicIO$$anonfun$processFully$1.apply(ProcessImpl.scala:55)
	at sbt.SimpleProcessBuilder$$anonfun$3.apply$mcV$sp(ProcessImpl.scala:354)
	at sbt.Spawn$$anon$3.run(ProcessImpl.scala:17)
Exception in thread "sbt-bg-threads-1" java.lang.RuntimeException: Nonzero exit code returned from runner: 143
	at scala.sys.package$.error(package.scala:27)
	at sbt.BuildCommon$$anonfun$toError$1.apply(Defaults.scala:1943)
	at sbt.BuildCommon$$anonfun$toError$1.apply(Defaults.scala:1943)
	at scala.Option.foreach(Option.scala:236)
	at sbt.BuildCommon$class.toError(Defaults.scala:1943)
	at sbt.package$.toError(package.scala:4)
	at sbt.plugins.BackgroundRun$$$$b4c18989468ecd5aa4b4422d7494c6$$$$onfun$apply$6.apply(BackgroundRunPlugin.scala:38)
	at sbt.plugins.BackgroundRun$$$$b4c18989468ecd5aa4b4422d7494c6$$$$onfun$apply$6.apply(BackgroundRunPlugin.scala:37)
	at sbt.BackgroundThreadPool$$anonfun$1.apply$mcV$sp(AbstractBackgroundJobService.scala:134)
	at sbt.BackgroundThreadPool$BackgroundRunnable.run(AbstractBackgroundJobService.scala:68)
	at java.util.concurrent.ThreadPoolExecutor.runWorker(ThreadPoolExecutor.java:1142)
	at java.util.concurrent.ThreadPoolExecutor$Worker.run(ThreadPoolExecutor.java:617)
	at java.lang.Thread.run(Thread.java:745)
